2018-07-30 22:10:15.307 [main] ERROR org.springframework.boot.SpringApplication - Application startup failed
java.lang.IllegalStateException: Logback configuration error detected: 
ERROR in ch.qos.logback.core.rolling.RollingFileAppender[FILE] - Failed to create parent directories for [C:\Users\ADMINI~1\AppData\Local\Temp\C:\Users\ADMINI~1\AppData\Local\Temp\ihp_custom_batches.log]
ERROR in ch.qos.logback.core.rolling.RollingFileAppender[FILE] - openFile(C:\Users\ADMINI~1\AppData\Local\Temp\/C:\Users\ADMINI~1\AppData\Local\Temp\ihp_custom_batches.log,true) call failed. java.io.FileNotFoundException: C:\Users\ADMINI~1\AppData\Local\Temp\C:\Users\ADMINI~1\AppData\Local\Temp\ihp_custom_batches.log (文件名、目录名或卷标语法不正确。)
	at org.springframework.boot.logging.logback.LogbackLoggingSystem.loadConfiguration(LogbackLoggingSystem.java:162)
	at org.springframework.boot.logging.AbstractLoggingSystem.initializeWithConventions(AbstractLoggingSystem.java:81)
	at org.springframework.boot.logging.AbstractLoggingSystem.initialize(AbstractLoggingSystem.java:59)
	at org.springframework.boot.logging.logback.LogbackLoggingSystem.initialize(LogbackLoggingSystem.java:115)
	at org.springframework.boot.logging.LoggingApplicationListener.initializeSystem(LoggingApplicationListener.java:303)
	at org.springframework.boot.logging.LoggingApplicationListener.initialize(LoggingApplicationListener.java:276)
	at org.springframework.boot.logging.LoggingApplicationListener.onApplicationEnvironmentPreparedEvent(LoggingApplicationListener.java:239)
	at org.springframework.boot.logging.LoggingApplicationListener.onApplicationEvent(LoggingApplicationListener.java:212)
	at org.springframework.context.event.SimpleApplicationEventMulticaster.invokeListener(SimpleApplicationEventMulticaster.java:167)
	at org.springframework.context.event.SimpleApplicationEventMulticaster.multicastEvent(SimpleApplicationEventMulticaster.java:139)
	at org.springframework.context.event.SimpleApplicationEventMulticaster.multicastEvent(SimpleApplicationEventMulticaster.java:122)
	at org.springframework.boot.context.event.EventPublishingRunListener.environmentPrepared(EventPublishingRunListener.java:73)
	at org.springframework.boot.SpringApplicationRunListeners.environmentPrepared(SpringApplicationRunListeners.java:54)
	at org.springframework.boot.SpringApplication.prepareEnvironment(SpringApplication.java:336)
	at org.springframework.boot.SpringApplication.run(SpringApplication.java:307)
	at org.springframework.boot.SpringApplication.run(SpringApplication.java:1162)
	at org.springframework.boot.SpringApplication.run(SpringApplication.java:1151)
	at Application.main(Application.java:15)
2018-07-30 22:13:04.000 [main] ERROR org.springframework.boot.SpringApplication - Application startup failed
java.lang.IllegalStateException: Logback configuration error detected: 
ERROR in ch.qos.logback.core.rolling.RollingFileAppender[FILE] - Failed to create parent directories for [C:\Users\ADMINI~1\AppData\Local\Temp\C:\Users\ADMINI~1\AppData\Local\Temp\ihp_custom_batches.log]
ERROR in ch.qos.logback.core.rolling.RollingFileAppender[FILE] - openFile(C:\Users\ADMINI~1\AppData\Local\Temp\/C:\Users\ADMINI~1\AppData\Local\Temp\ihp_custom_batches.log,true) call failed. java.io.FileNotFoundException: C:\Users\ADMINI~1\AppData\Local\Temp\C:\Users\ADMINI~1\AppData\Local\Temp\ihp_custom_batches.log (文件名、目录名或卷标语法不正确。)
	at org.springframework.boot.logging.logback.LogbackLoggingSystem.loadConfiguration(LogbackLoggingSystem.java:162)
	at org.springframework.boot.logging.AbstractLoggingSystem.initializeWithConventions(AbstractLoggingSystem.java:81)
	at org.springframework.boot.logging.AbstractLoggingSystem.initialize(AbstractLoggingSystem.java:59)
	at org.springframework.boot.logging.logback.LogbackLoggingSystem.initialize(LogbackLoggingSystem.java:115)
	at org.springframework.boot.logging.LoggingApplicationListener.initializeSystem(LoggingApplicationListener.java:303)
	at org.springframework.boot.logging.LoggingApplicationListener.initialize(LoggingApplicationListener.java:276)
	at org.springframework.boot.logging.LoggingApplicationListener.onApplicationEnvironmentPreparedEvent(LoggingApplicationListener.java:239)
	at org.springframework.boot.logging.LoggingApplicationListener.onApplicationEvent(LoggingApplicationListener.java:212)
	at org.springframework.context.event.SimpleApplicationEventMulticaster.invokeListener(SimpleApplicationEventMulticaster.java:167)
	at org.springframework.context.event.SimpleApplicationEventMulticaster.multicastEvent(SimpleApplicationEventMulticaster.java:139)
	at org.springframework.context.event.SimpleApplicationEventMulticaster.multicastEvent(SimpleApplicationEventMulticaster.java:122)
	at org.springframework.boot.context.event.EventPublishingRunListener.environmentPrepared(EventPublishingRunListener.java:73)
	at org.springframework.boot.SpringApplicationRunListeners.environmentPrepared(SpringApplicationRunListeners.java:54)
	at org.springframework.boot.SpringApplication.prepareEnvironment(SpringApplication.java:336)
	at org.springframework.boot.SpringApplication.run(SpringApplication.java:307)
	at org.springframework.boot.SpringApplication.run(SpringApplication.java:1162)
	at org.springframework.boot.SpringApplication.run(SpringApplication.java:1151)
	at Application.main(Application.java:15)
